生成启动时间为 2018/12/5 18:23:57。
     1>项目“D:\My Documents\Visual Studio 2010\Projects\libevent\libeventInterface\build\eventInterface.vcxproj”在节点 2 上(build 个目标)。
     1>InitializeBuildStatus:
         正在对“eventInterface.dir\Debug\eventInterface.unsuccessfulbuild”执行 Touch 任务。
       CustomBuild:
         所有输出均为最新。
       ClCompile:
         C:\Program Files (x86)\Microsoft Visual Studio 10.0\VC\bin\CL.exe /c /I"D:\My Documents\Visual Studio 2010\Projects\libevent\libeventInterface\." /Zi /nologo /W3 /WX- /Od /Ob0 /Oy- /D WIN32 /D _WINDOWS /D "CMAKE_INTDIR=\"Debug\"" /D _MBCS /Gm- /EHsc /RTC1 /MDd /GS /fp:precise /Zc:wchar_t /Zc:forScope /GR /Fo"eventInterface.dir\Debug\\" /Fd"eventInterface.dir\Debug\vc100.pdb" /Gd /TP /analyze- /errorReport:prompt ..\HttpContainer.cpp ..\HttpRequest.cpp ..\HttpServer.cpp ..\HttpServerMsgHandler.cpp ..\MessageHandler.cpp ..\TcpClientThread.cpp ..\TcpServer.cpp ..\TcpServerMsgHandler.cpp ..\Threadable.cpp ..\TimeoutServer.cpp ..\AbstractServer.cpp ..\ConnectionManager.cpp ..\Configure.cpp ..\LibeventLog.cpp
         HttpContainer.cpp
     1>d:\my documents\visual studio 2010\projects\libevent\libeventinterface\httpCommon.h(10): fatal error C1083: 无法打开包括文件:“event2/event.h”: No such file or directory
         HttpRequest.cpp
     1>d:\my documents\visual studio 2010\projects\libevent\libeventinterface\httpCommon.h(10): fatal error C1083: 无法打开包括文件:“event2/event.h”: No such file or directory
         HttpServer.cpp
     1>d:\my documents\visual studio 2010\projects\libevent\libeventinterface\httpCommon.h(10): fatal error C1083: 无法打开包括文件:“event2/event.h”: No such file or directory
         HttpServerMsgHandler.cpp
     1>d:\my documents\visual studio 2010\projects\libevent\libeventinterface\httpCommon.h(10): fatal error C1083: 无法打开包括文件:“event2/event.h”: No such file or directory
         MessageHandler.cpp
     1>d:\my documents\visual studio 2010\projects\libevent\libeventinterface\httpCommon.h(10): fatal error C1083: 无法打开包括文件:“event2/event.h”: No such file or directory
         TcpClientThread.cpp
     1>d:\my documents\visual studio 2010\projects\libevent\libeventinterface\httpCommon.h(10): fatal error C1083: 无法打开包括文件:“event2/event.h”: No such file or directory
         TcpServer.cpp
     1>d:\my documents\visual studio 2010\projects\libevent\libeventinterface\httpCommon.h(10): fatal error C1083: 无法打开包括文件:“event2/event.h”: No such file or directory
         TcpServerMsgHandler.cpp
     1>d:\my documents\visual studio 2010\projects\libevent\libeventinterface\httpCommon.h(10): fatal error C1083: 无法打开包括文件:“event2/event.h”: No such file or directory
         Threadable.cpp
     1>d:\my documents\visual studio 2010\projects\libevent\libeventinterface\httpCommon.h(10): fatal error C1083: 无法打开包括文件:“event2/event.h”: No such file or directory
         TimeoutServer.cpp
     1>d:\my documents\visual studio 2010\projects\libevent\libeventinterface\httpCommon.h(10): fatal error C1083: 无法打开包括文件:“event2/event.h”: No such file or directory
         AbstractServer.cpp
     1>d:\my documents\visual studio 2010\projects\libevent\libeventinterface\httpCommon.h(10): fatal error C1083: 无法打开包括文件:“event2/event.h”: No such file or directory
         ConnectionManager.cpp
     1>d:\my documents\visual studio 2010\projects\libevent\libeventinterface\httpCommon.h(10): fatal error C1083: 无法打开包括文件:“event2/event.h”: No such file or directory
         Configure.cpp
     1>d:\my documents\visual studio 2010\projects\libevent\libeventinterface\httpCommon.h(10): fatal error C1083: 无法打开包括文件:“event2/event.h”: No such file or directory
         LibeventLog.cpp
     1>d:\my documents\visual studio 2010\projects\libevent\libeventinterface\httpCommon.h(10): fatal error C1083: 无法打开包括文件:“event2/event.h”: No such file or directory
         正在生成代码...
     1>已完成生成项目“D:\My Documents\Visual Studio 2010\Projects\libevent\libeventInterface\build\eventInterface.vcxproj”(build 个目标)的操作 - 失败。

生成失败。

已用时间 00:00:01.40
